[2023-02-14T17:26:35.166] [ERROR] error - TypeError: Cannot read properties of undefined (reading 'id')
    at Object.getProducts (C:\Users\fedek\OneDrive\Escritorio\Programación\graphQL\src\graphql\graphQlQuery.js:91:27)
    at processTicksAndRejections (node:internal/process/task_queues:96:5)
    at async Promise.all (index 0)
    at async graphqlMiddleware (C:\Users\fedek\OneDrive\Escritorio\Programación\graphQL\node_modules\express-graphql\index.js:125:26)
[2023-02-14T17:26:55.669] [ERROR] error - TypeError: Cannot read properties of undefined (reading 'timestamp')
    at Object.getProducts (C:\Users\fedek\OneDrive\Escritorio\Programación\graphQL\src\graphql\graphQlQuery.js:91:34)
    at processTicksAndRejections (node:internal/process/task_queues:96:5)
    at async Promise.all (index 0)
    at async graphqlMiddleware (C:\Users\fedek\OneDrive\Escritorio\Programación\graphQL\node_modules\express-graphql\index.js:125:26)
[2023-02-14T17:27:03.314] [ERROR] error - TypeError: Cannot read properties of undefined (reading 'timestamp')
    at Object.getProducts (C:\Users\fedek\OneDrive\Escritorio\Programación\graphQL\src\graphql\graphQlQuery.js:91:34)
    at processTicksAndRejections (node:internal/process/task_queues:96:5)
    at async Promise.all (index 0)
    at async graphqlMiddleware (C:\Users\fedek\OneDrive\Escritorio\Programación\graphQL\node_modules\express-graphql\index.js:125:26)
[2023-02-14T17:27:28.620] [ERROR] error - TypeError: Cannot read properties of undefined (reading 'nombre')
    at Object.getProducts (C:\Users\fedek\OneDrive\Escritorio\Programación\graphQL\src\graphql\graphQlQuery.js:91:31)
    at processTicksAndRejections (node:internal/process/task_queues:96:5)
    at async Promise.all (index 0)
    at async graphqlMiddleware (C:\Users\fedek\OneDrive\Escritorio\Programación\graphQL\node_modules\express-graphql\index.js:125:26)
[2023-02-14T17:29:01.028] [ERROR] error - TypeError: Cannot read properties of undefined (reading 'map')
    at Object.getProducts (C:\Users\fedek\OneDrive\Escritorio\Programación\graphQL\src\graphql\graphQlQuery.js:90:32)
    at processTicksAndRejections (node:internal/process/task_queues:96:5)
    at async Promise.all (index 0)
    at async graphqlMiddleware (C:\Users\fedek\OneDrive\Escritorio\Programación\graphQL\node_modules\express-graphql\index.js:125:26)
[2023-02-14T17:46:21.710] [ERROR] error - TypeError: handleCart.getAllCarts is not a function
    at Object.getAllCarts (C:\Users\fedek\OneDrive\Escritorio\Programación\graphQL\src\graphql\graphQlQuery.js:98:34)
    at defaultFieldResolver (C:\Users\fedek\OneDrive\Escritorio\Programación\graphQL\node_modules\graphql\execution\execute.js:988:36)
    at executeField (C:\Users\fedek\OneDrive\Escritorio\Programación\graphQL\node_modules\graphql\execution\execute.js:481:20)
    at executeFields (C:\Users\fedek\OneDrive\Escritorio\Programación\graphQL\node_modules\graphql\execution\execute.js:413:20)
    at executeOperation (C:\Users\fedek\OneDrive\Escritorio\Programación\graphQL\node_modules\graphql\execution\execute.js:344:14)
    at execute (C:\Users\fedek\OneDrive\Escritorio\Programación\graphQL\node_modules\graphql\execution\execute.js:136:20)
    at graphqlMiddleware (C:\Users\fedek\OneDrive\Escritorio\Programación\graphQL\node_modules\express-graphql\index.js:125:32)
    at processTicksAndRejections (node:internal/process/task_queues:96:5)
